[    0.000000] Linux version 4.15.0-118-generic (buildd@lgw01-amd64-039) (gcc version 7.5.0 (Ubuntu 7.5.0-3ubuntu1~18.04)) #119-Ubuntu SMP Tue Sep 8 12:30:01 UTC 2020 (Ubuntu 4.15.0-118.119-generic 4.15.18)
[    0.000000] Command line: BOOT_IMAGE=/boot/vmlinuz-4.15.0-118-generic root=LABEL=cloudimg-rootfs ro console=tty1 console=ttyS0
[    0.000000] KERNEL supported cpus:
[    0.000000]   Intel GenuineIntel
[    0.000000]   AMD AuthenticAMD
[    0.000000]   Centaur CentaurHauls
[    0.000000] x86/fpu: Supporting XSAVE feature 0x001: 'x87 floating point registers'
[    0.000000] x86/fpu: Supporting XSAVE feature 0x002: 'SSE registers'
[    0.000000] x86/fpu: Supporting XSAVE feature 0x004: 'AVX registers'
[    0.000000] x86/fpu: xstate_offset[2]:  576, xstate_sizes[2]:  256
[    0.000000] x86/fpu: Enabled xstate features 0x7, context size is 832 bytes, using 'standard' format.
[    0.000000] e820: BIOS-provided physical RAM map:
[    0.000000] BIOS-e820: [mem 0x0000000000000000-0x000000000009fbff] usable
[    0.000000] BIOS-e820: [mem 0x000000000009fc00-0x000000000009ffff] reserved
[    0.000000] BIOS-e820: [mem 0x00000000000f0000-0x00000000000fffff] reserved
[    0.000000] BIOS-e820: [mem 0x0000000000100000-0x000000007ffeffff] usable
[    0.000000] BIOS-e820: [mem 0x000000007fff0000-0x000000007fffffff] ACPI data
[    0.000000] BIOS-e820: [mem 0x00000000fec00000-0x00000000fec00fff] reserved
[    0.000000] BIOS-e820: [mem 0x00000000fee00000-0x00000000fee00fff] reserved
[    0.000000] BIOS-e820: [mem 0x00000000fffc0000-0x00000000ffffffff] reserved
[    0.000000] NX (Execute Disable) protection: active
[    0.000000] SMBIOS 2.5 present.
[    0.000000] DMI: innotek GmbH VirtualBox/VirtualBox, BIOS VirtualBox 12/01/2006
[    0.000000] Hypervisor detected: KVM
[    0.000000] e820: last_pfn = 0x7fff0 max_arch_pfn = 0x400000000
[    0.000000] MTRR: Disabled
[    0.000000] x86/PAT: MTRRs disabled, skipping PAT initialization too.
[    0.000000] CPU MTRRs all blank - virtualized system.
[    0.000000] x86/PAT: Configuration [0-7]: WB  WT  UC- UC  WB  WT  UC- UC  
[    0.000000] found SMP MP-table at [mem 0x0009fff0-0x0009ffff]
[    0.000000] Scanning 1 areas for low memory corruption
[    0.000000] RAMDISK: [mem 0x35a65000-0x36d29fff]
[    0.000000] ACPI: Early table checksum verification disabled
[    0.000000] ACPI: RSDP 0x00000000000E0000 000024 (v02 VBOX  )
[    0.000000] ACPI: XSDT 0x000000007FFF0030 00003C (v01 VBOX   VBOXXSDT 00000001 ASL  00000061)
[    0.000000] ACPI: FACP 0x000000007FFF00F0 0000F4 (v04 VBOX   VBOXFACP 00000001 ASL  00000061)
[    0.000000] ACPI: DSDT 0x000000007FFF0470 002325 (v02 VBOX   VBOXBIOS 00000002 INTL 20100528)
[    0.000000] ACPI: FACS 0x000000007FFF0200 000040
[    0.000000] ACPI: FACS 0x000000007FFF0200 000040
[    0.000000] ACPI: APIC 0x000000007FFF0240 00005C (v02 VBOX   VBOXAPIC 00000001 ASL  00000061)
[    0.000000] ACPI: SSDT 0x000000007FFF02A0 0001CC (v01 VBOX   VBOXCPUT 00000002 INTL 20100528)
[    0.000000] No NUMA configuration found
[    0.000000] Faking a node at [mem 0x0000000000000000-0x000000007ffeffff]
[    0.000000] NODE_DATA(0) allocated [mem 0x7ffc5000-0x7ffeffff]
[    0.000000] kvm-clock: cpu 0, msr 0:7ff44001, primary cpu clock
[    0.000000] kvm-clock: Using msrs 4b564d01 and 4b564d00
[    0.000000] kvm-clock: using sched offset of 3348529172 cycles
[    0.000000] clocksource: kvm-clock: mask: 0xffffffffffffffff max_cycles: 0x1cd42e4dffb, max_idle_ns: 881590591483 ns
[    0.000000] Zone ranges:
[    0.000000]   DMA      [mem 0x0000000000001000-0x0000000000ffffff]
[    0.000000]   DMA32    [mem 0x0000000001000000-0x000000007ffeffff]
[    0.000000]   Normal   empty
[    0.000000]   Device   empty
[    0.000000] Movable zone start for each node
[    0.000000] Early memory node ranges
[    0.000000]   node   0: [mem 0x0000000000001000-0x000000000009efff]
[    0.000000]   node   0: [mem 0x0000000000100000-0x000000007ffeffff]
[    0.000000] Reserved but unavailable: 98 pages
[    0.000000] Initmem setup node 0 [mem 0x0000000000001000-0x000000007ffeffff]
[    0.000000] ACPI: PM-Timer IO Port: 0x4008
[    0.000000] IOAPIC[0]: apic_id 2, version 32, address 0xfec00000, GSI 0-23
[    0.000000] ACPI: INT_SRC_OVR (bus 0 bus_irq 0 global_irq 2 dfl dfl)
[    0.000000] ACPI: INT_SRC_OVR (bus 0 bus_irq 9 global_irq 9 low level)
[    0.000000] Using ACPI (MADT) for SMP configuration information
[    0.000000] smpboot: Allowing 2 CPUs, 0 hotplug CPUs
[    0.000000] PM: Registered nosave memory: [mem 0x00000000-0x00000fff]
[    0.000000] PM: Registered nosave memory: [mem 0x0009f000-0x0009ffff]
[    0.000000] PM: Registered nosave memory: [mem 0x000a0000-0x000effff]
[    0.000000] PM: Registered nosave memory: [mem 0x000f0000-0x000fffff]
[    0.000000] e820: [mem 0x80000000-0xfebfffff] available for PCI devices
[    0.000000] Booting paravirtualized kernel on KVM
[    0.000000] clocksource: refined-jiffies: mask: 0xffffffff max_cycles: 0xffffffff, max_idle_ns: 7645519600211568 ns
[    0.000000] random: get_random_bytes called from start_kernel+0x99/0x500 with crng_init=0
[    0.000000] setup_percpu: NR_CPUS:8192 nr_cpumask_bits:2 nr_cpu_ids:2 nr_node_ids:1
[    0.000000] percpu: Embedded 45 pages/cpu s147456 r8192 d28672 u1048576
[    0.000000] PV qspinlock hash table entries: 256 (order: 0, 4096 bytes)
[    0.000000] Built 1 zonelists, mobility grouping on.  Total pages: 515961
[    0.000000] Policy zone: DMA32
[    0.000000] Kernel command line: BOOT_IMAGE=/boot/vmlinuz-4.15.0-118-generic root=LABEL=cloudimg-rootfs ro console=tty1 console=ttyS0
[    0.000000] Memory: 2015220K/2096696K available (12300K kernel code, 2482K rwdata, 4272K rodata, 2436K init, 2724K bss, 81476K reserved, 0K cma-reserved)
[    0.000000] SLUB: HWalign=64, Order=0-3, MinObjects=0, CPUs=2, Nodes=1
[    0.000000] Kernel/User page tables isolation: enabled
[    0.000000] ftrace: allocating 39396 entries in 154 pages
[    0.004000] Hierarchical RCU implementation.
[    0.004000] 	RCU restricting CPUs from NR_CPUS=8192 to nr_cpu_ids=2.
[    0.004000] 	Tasks RCU enabled.
[    0.004000] RCU: Adjusting geometry for rcu_fanout_leaf=16, nr_cpu_ids=2
[    0.004000] NR_IRQS: 524544, nr_irqs: 440, preallocated irqs: 16
[    0.004000] Console: colour VGA+ 80x25
[    0.004000] console [tty1] enabled
[    0.004000] console [ttyS0] enabled
[    0.004000] ACPI: Core revision 20170831
[    0.004000] ACPI: 2 ACPI AML tables successfully acquired and loaded
[    0.004000] APIC: Switch to symmetric I/O mode setup
[    0.004000] x2apic enabled
[    0.004000] Switched APIC routing to physical x2apic.
[    0.004000] ..TIMER: vector=0x30 apic1=0 pin1=2 apic2=-1 pin2=-1
[    0.004003] tsc: Detected 2903.998 MHz processor
[    0.004828] Calibrating delay loop (skipped) preset value.. 5807.99 BogoMIPS (lpj=11615992)
[    0.005457] pid_max: default: 32768 minimum: 301
[    0.006328] Security Framework initialized
[    0.008001] Yama: becoming mindful.
[    0.008672] AppArmor: AppArmor initialized
[    0.010766] Dentry cache hash table entries: 262144 (order: 9, 2097152 bytes)
[    0.013176] Inode-cache hash table entries: 131072 (order: 8, 1048576 bytes)
[    0.014408] Mount-cache hash table entries: 4096 (order: 3, 32768 bytes)
[    0.016004] Mountpoint-cache hash table entries: 4096 (order: 3, 32768 bytes)
[    0.017435] Last level iTLB entries: 4KB 128, 2MB 8, 4MB 8
[    0.018442] Last level dTLB entries: 4KB 64, 2MB 0, 4MB 0, 1GB 4
[    0.019481] Spectre V1 : Mitigation: usercopy/swapgs barriers and __user pointer sanitization
[    0.020002] Spectre V2 : Mitigation: Full generic retpoline
[    0.020979] Spectre V2 : Spectre v2 / SpectreRSB mitigation: Filling RSB on context switch
[    0.022476] Speculative Store Bypass: Vulnerable
[    0.024025] SRBDS: Unknown: Dependent on hypervisor status
[    0.024980] MDS: Mitigation: Clear CPU buffers
[    0.025949] Freeing SMP alternatives memory: 36K
[    0.136174] smpboot: CPU0: Intel(R) Core(TM) i5-9400 CPU @ 2.90GHz (family: 0x6, model: 0x9e, stepping: 0xa)
[    0.137963] Performance Events: unsupported p6 CPU model 158 no PMU driver, software events only.
[    0.139554] Hierarchical SRCU implementation.
[    0.140442] NMI watchdog: Perf event create on CPU 0 failed with -2
[    0.141570] NMI watchdog: Perf NMI watchdog permanently disabled
[    0.142640] smp: Bringing up secondary CPUs ...
[    0.144056] x86: Booting SMP configuration:
[    0.144828] .... node  #0, CPUs:      #1
[    0.004000] kvm-clock: cpu 1, msr 0:7ff44041, secondary cpu clock
[    0.148013] smp: Brought up 1 node, 2 CPUs
[    0.148761] smpboot: Max logical packages: 1
[    0.149539] smpboot: Total of 2 processors activated (11615.99 BogoMIPS)
[    0.150794] devtmpfs: initialized
[    0.152045] x86/mm: Memory block size: 128MB
[    0.153091] evm: security.selinux
[    0.153726] evm: security.SMACK64
[    0.154360] evm: security.SMACK64EXEC
[    0.155057] evm: security.SMACK64TRANSMUTE
[    0.156001] evm: security.SMACK64MMAP
[    0.156733] evm: security.apparmor
[    0.157392] evm: security.ima
[    0.157987] evm: security.capability
[    0.158688] clocksource: jiffies: mask: 0xffffffff max_cycles: 0xffffffff, max_idle_ns: 7645041785100000 ns
[    0.160005] futex hash table entries: 512 (order: 3, 32768 bytes)
[    0.161271] pinctrl core: initialized pinctrl subsystem
[    0.162280] RTC time: 10:09:07, date: 10/12/20
[    0.163206] NET: Registered protocol family 16
[    0.164067] audit: initializing netlink subsys (disabled)
[    0.165035] audit: type=2000 audit(1602497352.568:1): state=initialized audit_enabled=0 res=1
[    0.165495] cpuidle: using governor ladder
[    0.165495] cpuidle: using governor menu
[    0.168029] ACPI: bus type PCI registered
[    0.168805] acpiphp: ACPI Hot Plug PCI Controller Driver version: 0.5
[    0.170062] PCI: Using configuration type 1 for base access
[    0.173138] HugeTLB registered 2.00 MiB page size, pre-allocated 0 pages
[    0.176066] ACPI: Added _OSI(Module Device)
[    0.176841] ACPI: Added _OSI(Processor Device)
[    0.177656] ACPI: Added _OSI(3.0 _SCP Extensions)
[    0.178501] ACPI: Added _OSI(Processor Aggregator Device)
[    0.180002] ACPI: Added _OSI(Linux-Dell-Video)
[    0.180897] ACPI: Added _OSI(Linux-Lenovo-NV-HDMI-Audio)
[    0.181951] ACPI: Added _OSI(Linux-HPI-Hybrid-Graphics)
[    0.183188] ACPI: Executed 1 blocks of module-level executable AML code
[    0.187293] ACPI: Interpreter enabled
[    0.188011] ACPI: (supports S0 S5)
[    0.188729] ACPI: Using IOAPIC for interrupt routing
[    0.189838] PCI: Using host bridge windows from ACPI; if necessary, use "pci=nocrs" and report a bug
[    0.192160] ACPI: Enabled 2 GPEs in block 00 to 07
[    0.199227] ACPI: PCI Root Bridge [PCI0] (domain 0000 [bus 00-ff])
[    0.200005] acpi PNP0A03:00: _OSC: OS supports [ASPM ClockPM Segments MSI]
[    0.201897] acpi PNP0A03:00: _OSC: not requesting OS control; OS requires [ExtendedConfig ASPM ClockPM MSI]
[    0.203660] acpi PNP0A03:00: fail to add MMCONFIG information, can't access extended PCI configuration space under this bridge.
[    0.204370] PCI host bridge to bus 0000:00
[    0.205133] pci_bus 0000:00: root bus resource [io  0x0000-0x0cf7 window]
[    0.208002] pci_bus 0000:00: root bus resource [io  0x0d00-0xffff window]
[    0.209161] pci_bus 0000:00: root bus resource [mem 0x000a0000-0x000bffff window]
[    0.210505] pci_bus 0000:00: root bus resource [mem 0x80000000-0xfdffffff window]
[    0.212003] pci_bus 0000:00: root bus resource [bus 00-ff]
[    0.214711] pci 0000:00:01.1: legacy IDE quirk: reg 0x10: [io  0x01f0-0x01f7]
[    0.216002] pci 0000:00:01.1: legacy IDE quirk: reg 0x14: [io  0x03f6]
[    0.217122] pci 0000:00:01.1: legacy IDE quirk: reg 0x18: [io  0x0170-0x0177]
[    0.219206] pci 0000:00:01.1: legacy IDE quirk: reg 0x1c: [io  0x0376]
[    0.237074] pci 0000:00:07.0: quirk: [io  0x4000-0x403f] claimed by PIIX4 ACPI
[    0.238451] pci 0000:00:07.0: quirk: [io  0x4100-0x410f] claimed by PIIX4 SMB
[    0.249509] ACPI: PCI Interrupt Link [LNKA] (IRQs 5 9 10 *11)
[    0.250844] ACPI: PCI Interrupt Link [LNKB] (IRQs 5 9 *10 11)
[    0.252000] ACPI: PCI Interrupt Link [LNKC] (IRQs 5 *9 10 11)
[    0.252108] ACPI: PCI Interrupt Link [LNKD] (IRQs 5 9 10 *11)
[    0.253346] SCSI subsystem initialized
[    0.254117] pci 0000:00:02.0: vgaarb: setting as boot VGA device
[    0.254117] pci 0000:00:02.0: vgaarb: VGA device added: decodes=io+mem,owns=io+mem,locks=none
[    0.256007] pci 0000:00:02.0: vgaarb: bridge control possible
[    0.257008] vgaarb: loaded
[    0.257572] ACPI: bus type USB registered
[    0.260020] usbcore: registered new interface driver usbfs
[    0.261062] usbcore: registered new interface driver hub
[    0.262093] usbcore: registered new device driver usb
[    0.263049] EDAC MC: Ver: 3.0.0
[    0.264188] PCI: Using ACPI for IRQ routing
[    0.265082] NetLabel: Initializing
[    0.265740] NetLabel:  domain hash size = 128
[    0.268002] NetLabel:  protocols = UNLABELED CIPSOv4 CALIPSO
[    0.269036] NetLabel:  unlabeled traffic allowed by default
[    0.270030] clocksource: Switched to clocksource kvm-clock
[    0.279619] VFS: Disk quotas dquot_6.6.0
[    0.280436] VFS: Dquot-cache hash table entries: 512 (order 0, 4096 bytes)
[    0.281868] AppArmor: AppArmor Filesystem Enabled
[    0.283217] pnp: PnP ACPI init
[    0.284802] pnp: PnP ACPI: found 3 devices
[    0.293958] clocksource: acpi_pm: mask: 0xffffff max_cycles: 0xffffff, max_idle_ns: 2085701024 ns
[    0.295638] NET: Registered protocol family 2
[    0.296588] TCP established hash table entries: 16384 (order: 5, 131072 bytes)
[    0.298019] TCP bind hash table entries: 16384 (order: 6, 262144 bytes)
[    0.299161] TCP: Hash tables configured (established 16384 bind 16384)
[    0.301496] UDP hash table entries: 1024 (order: 3, 32768 bytes)
[    0.302555] UDP-Lite hash table entries: 1024 (order: 3, 32768 bytes)
[    0.303716] NET: Registered protocol family 1
[    0.304554] pci 0000:00:00.0: Limiting direct PCI/PCI transfers
[    0.305727] pci 0000:00:01.0: Activating ISA DMA hang workarounds
[    0.306827] pci 0000:00:02.0: Video device with shadowed ROM at [mem 0x000c0000-0x000dffff]
[    0.308378] Unpacking initramfs...
[    0.537588] Freeing initrd memory: 19220K
[    0.538413] clocksource: tsc: mask: 0xffffffffffffffff max_cycles: 0x29dc03c1beb, max_idle_ns: 440795205215 ns
[    0.540309] platform rtc_cmos: registered platform RTC device (no PNP device found)
[    0.541691] Scanning for low memory corruption every 60 seconds
[    0.543346] Initialise system trusted keyrings
[    0.544168] Key type blacklist registered
[    0.545117] workingset: timestamp_bits=36 max_order=19 bucket_order=0
[    0.547060] zbud: loaded
[    0.548042] squashfs: version 4.0 (2009/01/31) Phillip Lougher
[    0.549264] fuse init (API version 7.26)
[    0.552207] Key type asymmetric registered
[    0.553000] Asymmetric key parser 'x509' registered
[    0.553947] Block layer SCSI generic (bsg) driver version 0.4 loaded (major 246)
[    0.555546] io scheduler noop registered
[    0.556332] io scheduler deadline registered
[    0.557142] io scheduler cfq registered (default)
[    0.558227] ACPI: AC Adapter [AC] (on-line)
[    0.559030] input: Power Button as /devices/LNXSYSTM:00/LNXPWRBN:00/input/input0
[    0.560490] ACPI: Power Button [PWRF]
[    0.561240] input: Sleep Button as /devices/LNXSYSTM:00/LNXSLPBN:00/input/input1
[    0.562555] ACPI: Sleep Button [SLPF]
[    0.563549] Serial: 8250/16550 driver, 32 ports, IRQ sharing enabled
[    0.585332] 00:02: ttyS0 at I/O 0x3f8 (irq = 4, base_baud = 115200) is a 16550A
[    0.589186] Linux agpgart interface v0.103
[    0.592520] loop: module loaded
[    0.593545] scsi host0: ata_piix
[    0.594268] scsi host1: ata_piix
[    0.595020] ata1: PATA max UDMA/33 cmd 0x1f0 ctl 0x3f6 bmdma 0xd000 irq 14
[    0.596189] ata2: PATA max UDMA/33 cmd 0x170 ctl 0x376 bmdma 0xd008 irq 15
[    0.597630] libphy: Fixed MDIO Bus: probed
[    0.598398] tun: Universal TUN/TAP device driver, 1.6
[    0.599378] PPP generic driver version 2.4.2
[    0.600238] ehci_hcd: USB 2.0 'Enhanced' Host Controller (EHCI) Driver
[    0.601390] ehci-pci: EHCI PCI platform driver
[    0.602205] ehci-platform: EHCI generic platform driver
[    0.603134] ohci_hcd: USB 1.1 'Open' Host Controller (OHCI) Driver
[    0.604196] ohci-pci: OHCI PCI platform driver
[    0.605014] ohci-platform: OHCI generic platform driver
[    0.605941] uhci_hcd: USB Universal Host Controller Interface driver
[    0.607052] i8042: PNP: PS/2 Controller [PNP0303:PS2K,PNP0f03:PS2M] at 0x60,0x64 irq 1,12
[    0.608938] serio: i8042 KBD port at 0x60,0x64 irq 1
[    0.609853] serio: i8042 AUX port at 0x60,0x64 irq 12
[    0.610975] mousedev: PS/2 mouse device common for all mice
[    0.612500] rtc_cmos rtc_cmos: rtc core: registered rtc_cmos as rtc0
[    0.613704] rtc_cmos rtc_cmos: alarms up to one day, 114 bytes nvram
[    0.614845] i2c /dev entries driver
[    0.615585] input: AT Translated Set 2 keyboard as /devices/platform/i8042/serio0/input/input2
[    0.617175] device-mapper: uevent: version 1.0.3
[    0.618194] device-mapper: ioctl: 4.37.0-ioctl (2017-09-20) initialised: dm-devel@redhat.com
[    0.619780] ledtrig-cpu: registered to indicate activity on CPUs
[    0.621266] NET: Registered protocol family 10
[    0.625006] Segment Routing with IPv6
[    0.625714] NET: Registered protocol family 17
[    0.626609] Key type dns_resolver registered
[    0.627600] mce: Using 0 MCE banks
[    0.628328] RAS: Correctable Errors collector initialized.
[    0.629314] sched_clock: Marking stable (628314001, 0)->(810377953, -182063952)
[    0.631100] registered taskstats version 1
[    0.631873] Loading compiled-in X.509 certificates
[    0.634434] Loaded X.509 cert 'Build time autogenerated kernel key: 12f2d460e247d21dc5d156478bb7d4abc0f5a070'
[    0.636328] zswap: loaded using pool lzo/zbud
[    0.639748] Key type big_key registered
[    0.640548] Key type trusted registered
[    0.642445] Key type encrypted registered
[    0.643218] AppArmor: AppArmor sha1 policy hashing enabled
[    0.644208] ima: No TPM chip found, activating TPM-bypass! (rc=-19)
[    0.645378] ima: Allocated hash algorithm: sha1
[    0.646209] evm: HMAC attrs: 0x1
[    0.647036]   Magic number: 8:601:173
[    0.647833] rtc_cmos rtc_cmos: setting system clock to 2020-10-12 10:09:08 UTC (1602497348)
[    0.649430] BIOS EDD facility v0.16 2004-Jun-25, 0 devices found
[    0.650469] EDD information not available.
[    0.782568] Freeing unused kernel image memory: 2436K
[    1.036052] Write protecting the kernel read-only data: 20480k
[    1.042943] Freeing unused kernel image memory: 2008K
[    1.048278] Freeing unused kernel image memory: 1872K
[    1.068895] x86/mm: Checked W+X mappings: passed, no W+X pages found.
[    1.070764] x86/mm: Checking user space page tables
[    1.092492] x86/mm: Checked W+X mappings: passed, no W+X pages found.
Loading, please wait...
starting version 237
[    1.144031] e1000: Intel(R) PRO/1000 Network Driver - version 7.3.21-k8-NAPI
[    1.145386] e1000: Copyright (c) 1999-2006 Intel Corporation.
[    1.151154] Fusion MPT base driver 3.04.20
[    1.151934] Copyright (c) 1999-2008 LSI Corporation
[    1.158065] Fusion MPT SPI Host driver 3.04.20
[    1.163806] AVX2 version of gcm_enc/dec engaged.
[    1.164741] AES CTR mode by8 optimization enabled
[    1.354931] input: ImExPS/2 Generic Explorer Mouse as /devices/platform/i8042/serio1/input/input4
[    1.537126] e1000 0000:00:03.0 eth0: (PCI:33MHz:32-bit) 02:7d:29:b6:4b:3c
[    1.538290] e1000 0000:00:03.0 eth0: Intel(R) PRO/1000 Network Connection
[    1.540219] mptbase: ioc0: Initiating bringup
[    1.637832] ioc0: LSI53C1030 A0: Capabilities={Initiator}
[    1.882934] scsi host2: ioc0: LSI53C1030 A0, FwRev=00000000h, Ports=1, MaxQ=256, IRQ=20
[    2.057302] scsi 2:0:0:0: Direct-Access     VBOX     HARDDISK         1.0  PQ: 0 ANSI: 5
[    2.096295] scsi target2:0:0: Beginning Domain Validation
[    2.107918] scsi target2:0:0: Domain Validation skipping write tests
[    2.111925] scsi target2:0:0: Ending Domain Validation
[    2.114886] scsi target2:0:0: asynchronous
[    2.118280] scsi 2:0:1:0: Direct-Access     VBOX     HARDDISK         1.0  PQ: 0 ANSI: 5
[    2.412845] scsi target2:0:1: Beginning Domain Validation
[    2.415865] random: fast init done
[    2.416850] scsi target2:0:1: Domain Validation skipping write tests
[    2.417956] scsi target2:0:1: Ending Domain Validation
[    2.418998] scsi target2:0:1: asynchronous
[    2.423498] random: systemd-udevd: uninitialized urandom read (16 bytes read)
[    2.423535] sd 2:0:0:0: Attached scsi generic sg0 type 0
[    2.424982] random: systemd-udevd: uninitialized urandom read (16 bytes read)
[    2.425923] sd 2:0:1:0: Attached scsi generic sg1 type 0
[    2.427055] random: systemd-udevd: uninitialized urandom read (16 bytes read)
[    2.429247] sd 2:0:0:0: [sda] 20971520 512-byte logical blocks: (10.7 GB/10.0 GiB)
[    2.430670] sd 2:0:0:0: [sda] Write Protect is off
[    2.431690] sd 2:0:1:0: [sdb] 20480 512-byte logical blocks: (10.5 MB/10.0 MiB)
[    2.431720] sd 2:0:0:0: [sda] Incomplete mode parameter data
[    2.434103] sd 2:0:0:0: [sda] Assuming drive cache: write through
[    2.434153] sd 2:0:1:0: [sdb] Write Protect is off
[    2.436470] sd 2:0:1:0: [sdb] Incomplete mode parameter data
[    2.437507] sd 2:0:1:0: [sdb] Assuming drive cache: write through
[    2.442502] sd 2:0:1:0: [sdb] Attached SCSI disk
[    2.447474]  sda: sda1
[    2.450780] e1000 0000:00:08.0 eth1: (PCI:33MHz:32-bit) 08:00:27:a9:87:f6
[    2.451989] e1000 0000:00:08.0 eth1: Intel(R) PRO/1000 Network Connection
[    2.453184] sd 2:0:0:0: [sda] Attached SCSI disk
[    2.455060] e1000 0000:00:08.0 enp0s8: renamed from eth1
[    2.468140] e1000 0000:00:03.0 enp0s3: renamed from eth0
Begin: Loading essential drivers ... [    4.000387] raid6: sse2x1   gen() 12442 MB/s
[    4.048257] raid6: sse2x1   xor()  9069 MB/s
[    4.096089] raid6: sse2x2   gen() 14573 MB/s
[    4.144013] raid6: sse2x2   xor() 11316 MB/s
[    4.192761] raid6: sse2x4   gen() 17180 MB/s
[    4.240568] raid6: sse2x4   xor() 12112 MB/s
[    4.288387] raid6: avx2x1   gen() 25914 MB/s
[    4.336225] raid6: avx2x1   xor() 19344 MB/s
[    4.384037] raid6: avx2x2   gen() 29108 MB/s
[    4.432825] raid6: avx2x2   xor() 14368 MB/s
[    4.480175] raid6: avx2x4   gen() 34163 MB/s
[    4.528482] raid6: avx2x4   xor() 23571 MB/s
[    4.529271] raid6: using algorithm avx2x4 gen() 34163 MB/s
[    4.530292] raid6: .... xor() 23571 MB/s, rmw enabled
[    4.531289] raid6: using avx2x2 recovery algorithm
[    4.532954] xor: automatically using best checksumming function   avx       
[    4.534845] async_tx: api initialized (async)
done.
Begin: Running /scripts/init-premount ... done.
Begin: Mounting root file system ... Begin: Running /scripts/local-top ... done.
Begin: Running /scripts/local-premount ... [    4.569195] Btrfs loaded, crc32c=crc32c-intel
Scanning for Btrfs filesystems
done.
Warning: fsck not present, so skipping root file system
[    4.593509] EXT4-fs (sda1): mounted filesystem with ordered data mode. Opts: (null)
done.
Begin: Running /scripts/local-bottom ... done.
Begin: Running /scripts/init-bottom ... done.
[    4.704316] ip_tables: (C) 2000-2006 Netfilter Core Team
[    4.711225] systemd[1]: systemd 237 running in system mode. (+PAM +AUDIT +SELINUX +IMA +APPARMOR +SMACK +SYSVINIT +UTMP +LIBCRYPTSETUP +GCRYPT +GNUTLS +ACL +XZ +LZ4 +SECCOMP +BLKID +ELFUTILS +KMOD -IDN2 +IDN -PCRE2 default-hierarchy=hybrid)
[    4.715108] systemd[1]: Detected virtualization oracle.
[    4.716052] systemd[1]: Detected architecture x86-64.

Welcome to [1mUbuntu 18.04.5 LTS[0m!

[    4.720682] systemd[1]: Set hostname to <ubuntu>.
[    4.724098] systemd[1]: Initializing machine ID from random generator.
[    4.725287] systemd[1]: Installed transient /etc/machine-id file.
[    4.917501] systemd[1]: Reached target System Time Synchronized.
[[0;32m  OK  [0m] Reached target System Time Synchronized.
[    4.919079] systemd[1]: Started Forward Password Requests to Wall Directory Watch.
[[0;32m  OK  [0m] Started Forward Password Requests to Wall Directory Watch.
[    4.922283] systemd[1]: Created slice System Slice.
[[0;32m  OK  [0m] Created slice System Slice.
[    4.923562] systemd[1]: Listening on udev Kernel Socket.
[[0;32m  OK  [0m] Listening on udev Kernel Socket.
[[0;32m  OK  [0m] Listening on Syslog Socket.
[[0;32m  OK  [0m] Listening on udev Control Socket.
[[0;32m  OK  [0m] Listening on LVM2 poll daemon socket.
[[0;32m  OK  [0m] Listening on LVM2 metadata daemon socket.
[[0;32m  OK  [0m] Listening on Journal Socket.
         Mounting POSIX Message Queue File System...
         Mounting Kernel Debug File System...
         Starting Create list of required st…ce nodes for the current kernel...
[[0;32m  OK  [0m] Reached target User and Group Name Lookups.
[[0;32m  OK  [0m] Listening on Network Service Netlink Socket.
[[0;32m  OK  [0m] Listening on Journal Socket (/dev/log).
         Starting Load Kernel Modules...
         Starting Remount Root and Kernel File Systems...
[[0;32m  OK  [0m] Reached target Swap.
[[0;32m  OK  [0m] Set up automount Arbitrary Executab…rmats File System Automount Point.
[[0;32m  OK  [0m] Listening on Device-mapper event daemon FIFOs.
[[0;32m  OK  [0m] Created slice User and Session Slice.
[[0;32m  OK  [0m] Reached target Slices.
[    5.035825] Loading iSCSI transport class v2.0-870.
         Mounting Huge Pages File System...
[[0;32m  OK  [0m] Listening on /dev/initctl Compatibility Named Pipe.
         Starting Monitoring of LVM2 mirrors…ng dmeventd or progress polling...
[[0;32m  OK  [0m] Created slice system-serial\x2dgetty.slice.
[[0;32m  OK  [0m] Listening on Journal Audit Socket.
[    5.044789] iscsi: registered transport (tcp)
         Starting Journal Service...
         Starting Set the console keyboard layout...
[    5.058655] iscsi: registered transport (iser)
[    5.060016] EXT4-fs (sda1): re-mounted. Opts: (null)
         Starting Uncomplicated firewall...
         Starting udev Coldplug all Devices...
[[0;32m  OK  [0m] Mounted POSIX Message Queue File System.
[[0;32m  OK  [0m] Mounted Kernel Debug File System.
[[0;32m  OK  [0m] Started Create list of required sta…vice nodes for the current kernel.
[[0;32m  OK  [0m] Started Load Kernel Modules.
[[0;32m  OK  [0m] Started Remount Root and Kernel File Systems.
[[0;32m  OK  [0m] Mounted Huge Pages File System.
[[0;32m  OK  [0m] Started LVM2 metadata daemon.
         Starting Load/Save Random Seed...
         Mounting FUSE Control File System...
         Starting Apply Kernel Variables...
         Mounting Kernel Configuration File System...
         Starting Create Static Device Nodes in /dev...
[[0;32m  OK  [0m] Started Journal Service.
[[0;32m  OK  [0m] Started Monitoring of LVM2 mirrors,…sing dmeventd or progress polling.
[[0;32m  OK  [0m] Started Uncomplicated firewall.
[[0;32m  OK  [0m] Started Load/Save Random Seed.
[[0;32m  OK  [0m] Mounted FUSE Control File System.
[[0;32m  OK  [0m] Started Apply Kernel Variables.
[[0;32m  OK  [0m] Mounted Kernel Configuration File System.
[[0;32m  OK  [0m] Started Create Static Device Nodes in /dev.
[[0;32m  OK  [0m] Started udev Coldplug all Devices.
         Starting udev Kernel Device Manager...
         Starting Flush Journal to Persistent Storage...
[[0;32m  OK  [0m] Started udev Kernel Device Manager.
[[0;32m  OK  [0m] Started Set the console keyboard layout.
[[0;32m  OK  [0m] Started Dispatch Password Requests to Console Directory Watch.
[[0;32m  OK  [0m] Reached target Local Encrypted Volumes.
[[0;32m  OK  [0m] Reached target Local File Systems (Pre).
[[0;32m  OK  [0m] Reached target Local File Systems.
         Starting Commit a transient machine-id on disk...
         Starting ebtables ruleset management...
         Starting AppArmor initialization...
         Starting Tell Plymouth To Write Out Runtime Data...
         Starting Set console font and keymap...
[[0;32m  OK  [0m] Started Flush Journal to Persistent Storage.
         Starting Create Volatile Files and Directories...
[[0;32m  OK  [0m] Started Tell Plymouth To Write Out Runtime Data.
[[0;32m  OK  [0m] Started Set console font and keymap.
[[0;32m  OK  [0m] Started Create Volatile Files and Directories.
[[0;32m  OK  [0m] Started Commit a transient machine-id on disk.
         Starting Update UTMP about System Boot/Shutdown...
[[0;32m  OK  [0m] Started Update UTMP about System Boot/Shutdown.
[[0;32m  OK  [0m] Started ebtables ruleset management.
[[0;32m  OK  [0m] Found device /dev/ttyS0.
[[0;32m  OK  [0m] Listening on Load/Save RF Kill Switch Status /dev/rfkill Watch.
[[0;32m  OK  [0m] Started AppArmor initialization.
         Starting Load AppArmor profiles managed internally by snapd...
         Starting Initial cloud-init job (pre-networking)...
[[0;32m  OK  [0m] Started Load AppArmor profiles managed internally by snapd.
[    7.767653] cloud-init[592]: Cloud-init v. 20.3-2-g371b392c-0ubuntu1~18.04.1 running 'init-local' at Mon, 12 Oct 2020 10:09:15 +0000. Up 7.35 seconds.
[[0;32m  OK  [0m] Started Initial cloud-init job (pre-networking).
[[0;32m  OK  [0m] Reached target Network (Pre).
         Starting Network Service...
[[0;32m  OK  [0m] Started Network Service.
         Starting Network Name Resolution...
         Starting Wait for Network to be Configured...
[[0;32m  OK  [0m] Started Network Name Resolution.
[[0;32m  OK  [0m] Reached target Network.
[[0;32m  OK  [0m] Reached target Host and Network Name Lookups.
[[0;32m  OK  [0m] Started Wait for Network to be Configured.
         Starting Initial cloud-init job (metadata service crawler)...
[    9.680552] cloud-init[723]: Cloud-init v. 20.3-2-g371b392c-0ubuntu1~18.04.1 running 'init' at Mon, 12 Oct 2020 10:09:17 +0000. Up 9.51 seconds.
[    9.692219] cloud-init[723]: ci-info: ++++++++++++++++++++++++++++++++++++++Net device info+++++++++++++++++++++++++++++++++++++++
[    9.692866] cloud-init[723]: ci-info: +--------+-------+----------------------------+---------------+--------+-------------------+
[    9.693969] cloud-init[723]: ci-info: | Device |   Up  |          Address           |      Mask     | Scope  |     Hw-Address    |
[    9.695249] cloud-init[723]: ci-info: +--------+-------+----------------------------+---------------+--------+-------------------+
[    9.696524] cloud-init[723]: ci-info: | enp0s3 |  True |         10.0.2.15          | 255.255.255.0 | global | 02:7d:29:b6:4b:3c |
[    9.697764] cloud-init[723]: ci-info: | enp0s3 |  True | fe80::7d:29ff:feb6:4b3c/64 |       .       |  link  | 02:7d:29:b6:4b:3c |
[    9.699044] cloud-init[723]: ci-info: | enp0s8 | False |             .              |       .       |   .    | 08:00:27:a9:87:f6 |
[    9.700299] cloud-init[723]: ci-info: |   lo   |  True |         127.0.0.1          |   255.0.0.0   |  host  |         .         |
[    9.701558] cloud-init[723]: ci-info: |   lo   |  True |          ::1/128           |       .       |  host  |         .         |
[    9.702801] cloud-init[723]: ci-info: +--------+-------+----------------------------+---------------+--------+-------------------+
[    9.704044] cloud-init[723]: ci-info: ++++++++++++++++++++++++++++Route IPv4 info+++++++++++++++++++++++++++++
[    9.705144] cloud-init[723]: ci-info: +-------+-------------+----------+-----------------+-----------+-------+
[    9.707197] cloud-init[723]: ci-info: | Route | Destination | Gateway  |     Genmask     | Interface | Flags |
[    9.708292] cloud-init[723]: ci-info: +-------+-------------+----------+-----------------+-----------+-------+
[    9.709369] cloud-init[723]: ci-info: |   0   |   0.0.0.0   | 10.0.2.2 |     0.0.0.0     |   enp0s3  |   UG  |
[    9.710413] cloud-init[723]: ci-info: |   1   |   10.0.2.0  | 0.0.0.0  |  255.255.255.0  |   enp0s3  |   U   |
[    9.711460] cloud-init[723]: ci-info: |   2   |   10.0.2.2  | 0.0.0.0  | 255.255.255.255 |   enp0s3  |   UH  |
[    9.712625] cloud-init[723]: ci-info: +-------+-------------+----------+-----------------+-----------+-------+
[    9.713669] cloud-init[723]: ci-info: +++++++++++++++++++Route IPv6 info+++++++++++++++++++
[    9.714508] cloud-init[723]: ci-info: +-------+-------------+---------+-----------+-------+
[    9.715368] cloud-init[723]: ci-info: | Route | Destination | Gateway | Interface | Flags |
[    9.716264] cloud-init[723]: ci-info: +-------+-------------+---------+-----------+-------+
[    9.717166] cloud-init[723]: ci-info: |   1   |  fe80::/64  |    ::   |   enp0s3  |   U   |
[    9.718144] cloud-init[723]: ci-info: |   3   |    local    |    ::   |   enp0s3  |   U   |
[    9.719017] cloud-init[723]: ci-info: |   4   |   ff00::/8  |    ::   |   enp0s3  |   U   |
[    9.719917] cloud-init[723]: ci-info: +-------+-------------+---------+-----------+-------+
[   12.091940] cloud-init[723]: Generating public/private rsa key pair.
[   12.104240] cloud-init[723]: Your identification has been saved in /etc/ssh/ssh_host_rsa_key.
[   12.104850] cloud-init[723]: Your public key has been saved in /etc/ssh/ssh_host_rsa_key.pub.
[   12.116435] cloud-init[723]: The key fingerprint is:
[   12.116778] cloud-init[723]: SHA256:otqObd7PCscHNgAYiMISzyIZ8Kr7foYCW1YD5ElwOuQ root@ubuntu-bionic
[   12.117339] cloud-init[723]: The key's randomart image is:
[   12.128585] cloud-init[723]: +---[RSA 2048]----+
[   12.129018] cloud-init[723]: |@B=              |
[[0;32m  OK  [0m] Started Initial cloud-init job (metadata service crawler).
[   12.145126] cloud-init[723]: |O%.o             |
[[0;32m  OK  [0m] Reached target Cloud-config availability.
[   12.156374] [cloud-init[0;32m  OK  [0m[723]: ] |OE*..            |Reached target Network is Online.

         Starting Availability of block devices...
[   12.169426] [cloud-init[0;32m  OK  [0m[723]: ] |.+  o.           |
Reached target Remote File Systems (Pre).
[[0;32m  OK  [0m] Reached target Remote File Systems.
[[0;32m  OK  [0m] Reached target System Initialization.
[   12.181894] cloud-init[723]: |.  . .= S        |
[[0;32m  OK  [0m] Started ACPI Events Check.
[   12.207252] [[0;32m  OK  [0m] Listening on UUID daemon activation socket.
[[0;32m  OK  [0m] Reached target Paths.
[[0;32m  OK  [0m] Listening on Open-iSCSI iscsid Socket.
cloud-init[723]:          Starting LXD - unix socket.
[[0;32m  OK  [0m] Started Daily Cleanup of Temporary Directories.
[[0;32m  OK  [0m] Started Message of the Day.
[[0;32m  OK  [0m] Listening on D-Bus System Message Bus Socket.
[[0;32m  OK  [0m] Started Daily apt download activities.
[[0;32m  OK  [0m] Started Daily apt upgrade and clean activities.
[[0;32m  OK  [0m] Listening on ACPID Listen Socket.
[[0;32m  OK  [0m] Started Discard unused blocks once a week.
[[0;32m  OK  [0m] Reached target Timers.
|o o  + +         |
         Starting Socket activation for snappy daemon.
[   12.257333] cloud-init[723]: |o+ .o o .        |[[0;32m  OK  [0m] Started Availability of block devices.
[[0;32m  OK  [0m] Listening on LXD - unix socket.
[[0;32m  OK  [0m] Listening on Socket activation for snappy daemon.
[[0;32m  OK  [0m] Reached target Sockets.
[[0;32m  OK  [0m] Reached target Basic System.
         Starting Virtualbox guest utils...

[[0;32m  OK  [0m] Started irqbalance daemon.
         Starting LSB: automatic crash report generation...
[   12.266829] cloud-init[723]: |o..=++ o         |
[   12.267572] cloud-init[723]: |.+=*= ooo        |
[   12.269316] cloud-init[723]: +----[SHA256]-----+
[   12.269915] cloud-init[723]: Generating public/private dsa key pair.
[   12.270819] cloud-init[723]: Your identification has been saved in /etc/ssh/ssh_host_dsa_key.
[   12.271902] cloud-init[723]: Your public key has been saved in /etc/ssh/ssh_host_dsa_key.pub.
[   12.273001] cloud-init[723]: The key fingerprint is:
[   12.273746] cloud-init[723]: SHA256:RUYuA7FOFQe0RUqAWn/DC7I3A/QqhS1s00QJy0CLKVE root@ubuntu-bionic
[   12.275411] cloud-init[723]: The key's randomart image is:
[   12.276689] cloud-init[723]: +---[DSA 1024]----+
[   12.277367] cloud-init[723]: |+oEo.o++*=B      |
[   12.278342] cloud-init[723]: |.=..*  = O       |
[[0;32m  OK  [0m] Started Regular background program processing daemon.
[   12.288461] cloud-init[723]: |+ooO oo.= o      |
[[0;32m  OK  [0m] Started D-Bus System Message Bus.
[   12.304782] cloud-init[723]: |. B *o+ ++       |
[   12.317024] cloud-init[723]: | . + =.oSo       |
[   12.317722] cloud-init[723]: |  . o + .        |
[   12.318095] cloud-init[723]: |   . . o         |
[   12.318444] cloud-init[723]: |                 |
[   12.332903] [[0;32m  OK  [0m] Started FUSE filesystem for LXC.
cloud-init[723]: |                 |
[   12.333650] cloud-init[723]: +----[SHA256]-----+
[   12.344172]          cloud-initStarting Dispatcher daemon for systemd-networkd...[723]: 
Generating public/private ecdsa key pair.
[   12.364165]          cloud-initStarting Snap Daemon...[723]: 
Your identification has been saved in /etc/ssh/ssh_host_ecdsa_key.
         Starting LSB: Record successful boot for GRUB...
[   12.369060] cloud-init[723]: Your public key has been saved in /etc/ssh/ssh_host_ecdsa_key.pub.
[   12.370199] cloud-init[723]: The key fingerprint is:
         Starting Pollinate to seed the pseudo random number generator...
         Starting System Logging Service...
         Starting Permit User Sessions...
         Starting LXD - container startup/shutdown...
         Starting Accounts Service...
[   12.374464] cloud-init[723]: SHA256:sfsAIuDb+eKXRIBi9g2L3p93uxVGIaUXmbzSYoNO/Qk root@ubuntu-bionic
[   12.383179] cloud-init[723]: The key's randomart image is:
[   12.383581] cloud-init[723]: +---[ECDSA 256]---+
[[0;32m  OK  [0m] Started Deferred execution scheduler.
         Starting Login Service...
[   12.386779] cloud-init[723]: |  .      .o+o    |
[   12.397363] cloud-init[723]: |.+ o      o+o    |
[   12.416581] cloud-init[723]: |= o =   +..o.    |
[   12.417259] cloud-init[723]: |.o o o o Eoo     |
[   12.417710] cloud-init[723]: |..o o + S *o.    |
[   12.428470] cloud-init[723]: | .oo.o o ..o.    |
[   12.440303] cloud-init[723]: | . oo o o  .     |
[   12.440645] cloud-init[723]: |   ..= . +.      |
[   12.454826] cloud-init[723]: |  ..o.. .o+      |
[   12.455237] cloud-init[723]: +----[SHA256]-----+
[   12.464627] cloud-init[723]: Generating public/private ed25519 key pair.
[   12.476472] cloud-init[723]: Your identification has been saved in /etc/ssh/ssh_host_ed25519_key.
[   12.477821] cloud-init[723]: Your public key has been saved in /etc/ssh/ssh_host_ed25519_key.pub.
[   12.479242] cloud-init[723]: The key fingerprint is:
[   12.479841] cloud-init[723]: SHA256:kD9KdHc7Km09dLgH+T9+xRVDuFyvNmveuBthnUBZU/4 root@ubuntu-bionic
[   12.480866] cloud-init[723]: The key's randomart image is:
[   12.481904] cloud-init[723]: +--[ED25519 256]--+
[   12.496200] [[0;32m  OK  [0m] Started System Logging Service.
cloud-init[723]: |             .=+o|
[   12.497458] cloud-init[723]: |       .    .o =.|
[   12.498166] cloud-init[723]: |      + . . o.o =|
[   12.498890] cloud-init[[0;32m  OK  [0m] Started Permit User Sessions.
[723]: |     . + . . *..=|         Starting Terminate Plymouth Boot Screen...
         Starting Hold until boot process finishes up...

[   12.501388] cloud-init[723]: |      . S   B ++E|
[   12.501730] cloud-init[723]: |     . . o + B+.o|
[   12.513245] cloud-init[723]: |      . . + +.+o.|
[[0;32m  OK  [0m] Started Hold until boot process finishes up.
[   12.513598] cloud-init[723]: |         o   oo*.|
[[0;32m  OK  [0m] Started Terminate Plymouth Boot Screen.
[   12.531009] [[0;32m  OK  [0m] Started Serial Getty on ttyS0.
cloud-init         Starting Set console scheme...
[723]: |             o*+=|
[   12.533353] cloud-init[723]: +----[SHA256]-----+
[[0;32m  OK  [0m] Started Login Service.
[[0;32m  OK  [0m] Started Unattended Upgrades Shutdown.
         Starting Authorization Manager...
[[0;32m  OK  [0m] Started LSB: automatic crash report generation.
[[0;32m  OK  [0m] Started Set console scheme.
[[0;32m  OK  [0m] Created slice system-getty.slice.
[[0;32m  OK  [0m] Started Getty on tty1.
[[0;32m  OK  [0m] Reached target Login Prompts.
[[0;32m  OK  [0m] Started Authorization Manager.
[[0;32m  OK  [0m] Started Accounts Service.
[[0;32m  OK  [0m] Started Virtualbox guest utils.
[[0;32m  OK  [0m] Started LXD - container startup/shutdown.
[[0;32m  OK  [0m] Started LSB: Record successful boot for GRUB.
[[0;32m  OK  [0m] Started Dispatcher daemon for systemd-networkd.
[[0;32m  OK  [0m] Started Snap Daemon.
         Starting Wait until snapd is fully seeded...
[[0;32m  OK  [0m] Started Pollinate to seed the pseudo random number generator.
         Starting OpenBSD Secure Shell server...
[[0;32m  OK  [0m] Started OpenBSD Secure Shell server.
[[0;32m  OK  [0m] Created slice User Slice of vagrant.
         Starting User Manager for UID 1000...
[[0;32m  OK  [0m] Started Session 1 of user vagrant.
[[0;32m  OK  [0m] Started User Manager for UID 1000.

Ubuntu 18.04.5 LTS ubuntu-bionic ttyS0

ubuntu-bionic login: [   18.680214] cloud-init[1618]: Cloud-init v. 20.3-2-g371b392c-0ubuntu1~18.04.1 running 'modules:config' at Mon, 12 Oct 2020 10:09:26 +0000. Up 18.27 seconds.
ci-info: no authorized SSH keys fingerprints found for user ubuntu.
<14>Oct 12 10:09:27 ec2: 
<14>Oct 12 10:09:27 ec2: #############################################################
<14>Oct 12 10:09:27 ec2: -----BEGIN SSH HOST KEY FINGERPRINTS-----
<14>Oct 12 10:09:27 ec2: 1024 SHA256:RUYuA7FOFQe0RUqAWn/DC7I3A/QqhS1s00QJy0CLKVE root@ubuntu-bionic (DSA)
<14>Oct 12 10:09:27 ec2: 256 SHA256:sfsAIuDb+eKXRIBi9g2L3p93uxVGIaUXmbzSYoNO/Qk root@ubuntu-bionic (ECDSA)
<14>Oct 12 10:09:27 ec2: 256 SHA256:kD9KdHc7Km09dLgH+T9+xRVDuFyvNmveuBthnUBZU/4 root@ubuntu-bionic (ED25519)
<14>Oct 12 10:09:27 ec2: 2048 SHA256:otqObd7PCscHNgAYiMISzyIZ8Kr7foYCW1YD5ElwOuQ root@ubuntu-bionic (RSA)
<14>Oct 12 10:09:27 ec2: -----END SSH HOST KEY FINGERPRINTS-----
<14>Oct 12 10:09:27 ec2: #############################################################
-----BEGIN SSH HOST KEY KEYS-----
ecdsa-sha2-nistp256 AAAAE2VjZHNhLXNoYTItbmlzdHAyNTYAAAAIbmlzdHAyNTYAAABBBIKALcyXq3IV9vSdLJ/rQD3XVotIT1JIB+utBgWU9xd+GuGd6zW+nMIYM/TdzMnF3XXHbGEH/KDzJ92KcM62y7Q= root@ubuntu-bionic
ssh-ed25519 AAAAC3NzaC1lZDI1NTE5AAAAILj9OtZuznH0Ig3UY5dO81GLnEUjADhwsUZo3mzRKK0K root@ubuntu-bionic
ssh-rsa AAAAB3NzaC1yc2EAAAADAQABAAABAQDkWXfa13nQyzRGhUW7tMt55bkrXT9+Oxp/abjuJQhEJdLQ/zU+lAIJs3eW2EFBYr0WYH/wzm0N9ArR0oDkRr318/AK5rGX+QlqdmqjnW4HnsSwQDWGOL8xd7SOTDbeWNQACgp1I4Sl7axtPbn44XpZ9U6vWUsr9LQ7uMdy85HJ+c5WdKCSBeVgyeWZt3snk/uf18w/oCvovyWqHgHkEnUqF8fNraaP6Q+fatlcx678zR4Gtft5XhkBAGdKOy3OHsOd5JHwNhbLMVBvm2hbA2Kn6zqabSV4bwmmq9UC98cB3m16NP8mss2BzggmaP88pY96CjLShBOtwryciBAWLO5f root@ubuntu-bionic
-----END SSH HOST KEY KEYS-----
[   19.272183] cloud-init[1745]: Cloud-init v. 20.3-2-g371b392c-0ubuntu1~18.04.1 running 'modules:final' at Mon, 12 Oct 2020 10:09:26 +0000. Up 19.12 seconds.
[   19.272370] cloud-init[1745]: ci-info: no authorized SSH keys fingerprints found for user ubuntu.
[   19.272801] cloud-init[1745]: Cloud-init v. 20.3-2-g371b392c-0ubuntu1~18.04.1 finished at Mon, 12 Oct 2020 10:09:27 +0000. Datasource DataSourceNoCloud [seed=/dev/sdb][dsmode=net].  Up 19.26 seconds
